[0.022s] Invoking command in '/media/psf/OneDrive-Embry-RiddleAeronauticalUniversity/School/ME407 - Capstone Prelim/Atlas_Project/Detail/ROS2_Workspaces/Atlas_workspace/src/cpp_pubsub/build/cpp_pubsub': CMAKE_PREFIX_PATH=/opt/ros/humble /usr/bin/cmake /media/psf/OneDrive-Embry-RiddleAeronauticalUniversity/School/ME407 - Capstone Prelim/Atlas_Project/Detail/ROS2_Workspaces/Atlas_workspace/src/cpp_pubsub -DCMAKE_INSTALL_PREFIX=/media/psf/OneDrive-Embry-RiddleAeronauticalUniversity/School/ME407 - Capstone Prelim/Atlas_Project/Detail/ROS2_Workspaces/Atlas_workspace/src/cpp_pubsub/install/cpp_pubsub
[0.075s] -- The C compiler identification is GNU 11.4.0
[0.120s] -- The CXX compiler identification is GNU 11.4.0
[0.126s] -- Detecting C compiler ABI info
[0.195s] -- Detecting C compiler ABI info - done
[0.199s] -- Check for working C compiler: /usr/bin/cc - skipped
[0.200s] -- Detecting C compile features
[0.200s] -- Detecting C compile features - done
[0.204s] -- Detecting CXX compiler ABI info
[0.288s] -- Detecting CXX compiler ABI info - done
[0.294s] -- Check for working CXX compiler: /usr/bin/c++ - skipped
[0.294s] -- Detecting CXX compile features
[0.294s] -- Detecting CXX compile features - done
[0.300s] -- Found ament_cmake: 1.3.6 (/opt/ros/humble/share/ament_cmake/cmake)
[0.381s] -- Found Python3: /usr/bin/python3.10 (found version "3.10.12") found components: Interpreter 
[0.429s] -- Found ament_lint_auto: 0.12.9 (/opt/ros/humble/share/ament_lint_auto/cmake)
[0.575s] -- Added test 'cppcheck' to perform static code analysis on C / C++ code
[0.575s] -- Configured cppcheck include dirs: 
[0.575s] -- Configured cppcheck exclude dirs and/or files: 
[0.600s] -- Added test 'lint_cmake' to check CMake code style
[0.701s] -- Added test 'uncrustify' to check C / C++ code style
[0.701s] -- Configured uncrustify additional arguments: 
[0.713s] -- Added test 'xmllint' to check XML markup files
[0.722s] -- Configuring done
[0.743s] -- Generating done
[0.749s] -- Build files have been written to: /media/psf/OneDrive-Embry-RiddleAeronauticalUniversity/School/ME407 - Capstone Prelim/Atlas_Project/Detail/ROS2_Workspaces/Atlas_workspace/src/cpp_pubsub/build/cpp_pubsub
[0.752s] Invoked command in '/media/psf/OneDrive-Embry-RiddleAeronauticalUniversity/School/ME407 - Capstone Prelim/Atlas_Project/Detail/ROS2_Workspaces/Atlas_workspace/src/cpp_pubsub/build/cpp_pubsub' returned '0': CMAKE_PREFIX_PATH=/opt/ros/humble /usr/bin/cmake /media/psf/OneDrive-Embry-RiddleAeronauticalUniversity/School/ME407 - Capstone Prelim/Atlas_Project/Detail/ROS2_Workspaces/Atlas_workspace/src/cpp_pubsub -DCMAKE_INSTALL_PREFIX=/media/psf/OneDrive-Embry-RiddleAeronauticalUniversity/School/ME407 - Capstone Prelim/Atlas_Project/Detail/ROS2_Workspaces/Atlas_workspace/src/cpp_pubsub/install/cpp_pubsub
[0.758s] Invoking command in '/media/psf/OneDrive-Embry-RiddleAeronauticalUniversity/School/ME407 - Capstone Prelim/Atlas_Project/Detail/ROS2_Workspaces/Atlas_workspace/src/cpp_pubsub/build/cpp_pubsub': CMAKE_PREFIX_PATH=/opt/ros/humble /usr/bin/cmake --build /media/psf/OneDrive-Embry-RiddleAeronauticalUniversity/School/ME407 - Capstone Prelim/Atlas_Project/Detail/ROS2_Workspaces/Atlas_workspace/src/cpp_pubsub/build/cpp_pubsub -- -j2 -l2
[0.783s] Invoked command in '/media/psf/OneDrive-Embry-RiddleAeronauticalUniversity/School/ME407 - Capstone Prelim/Atlas_Project/Detail/ROS2_Workspaces/Atlas_workspace/src/cpp_pubsub/build/cpp_pubsub' returned '0': CMAKE_PREFIX_PATH=/opt/ros/humble /usr/bin/cmake --build /media/psf/OneDrive-Embry-RiddleAeronauticalUniversity/School/ME407 - Capstone Prelim/Atlas_Project/Detail/ROS2_Workspaces/Atlas_workspace/src/cpp_pubsub/build/cpp_pubsub -- -j2 -l2
[0.805s] Invoking command in '/media/psf/OneDrive-Embry-RiddleAeronauticalUniversity/School/ME407 - Capstone Prelim/Atlas_Project/Detail/ROS2_Workspaces/Atlas_workspace/src/cpp_pubsub/build/cpp_pubsub': CMAKE_PREFIX_PATH=/opt/ros/humble /usr/bin/cmake --install /media/psf/OneDrive-Embry-RiddleAeronauticalUniversity/School/ME407 - Capstone Prelim/Atlas_Project/Detail/ROS2_Workspaces/Atlas_workspace/src/cpp_pubsub/build/cpp_pubsub
[0.809s] -- Install configuration: ""
[0.811s] -- Installing: /media/psf/OneDrive-Embry-RiddleAeronauticalUniversity/School/ME407 - Capstone Prelim/Atlas_Project/Detail/ROS2_Workspaces/Atlas_workspace/src/cpp_pubsub/install/cpp_pubsub/share/ament_index/resource_index/package_run_dependencies/cpp_pubsub
[0.814s] -- Installing: /media/psf/OneDrive-Embry-RiddleAeronauticalUniversity/School/ME407 - Capstone Prelim/Atlas_Project/Detail/ROS2_Workspaces/Atlas_workspace/src/cpp_pubsub/install/cpp_pubsub/share/ament_index/resource_index/parent_prefix_path/cpp_pubsub
[0.817s] -- Installing: /media/psf/OneDrive-Embry-RiddleAeronauticalUniversity/School/ME407 - Capstone Prelim/Atlas_Project/Detail/ROS2_Workspaces/Atlas_workspace/src/cpp_pubsub/install/cpp_pubsub/share/cpp_pubsub/environment/ament_prefix_path.sh
[0.819s] -- Installing: /media/psf/OneDrive-Embry-RiddleAeronauticalUniversity/School/ME407 - Capstone Prelim/Atlas_Project/Detail/ROS2_Workspaces/Atlas_workspace/src/cpp_pubsub/install/cpp_pubsub/share/cpp_pubsub/environment/ament_prefix_path.dsv
[0.821s] -- Installing: /media/psf/OneDrive-Embry-RiddleAeronauticalUniversity/School/ME407 - Capstone Prelim/Atlas_Project/Detail/ROS2_Workspaces/Atlas_workspace/src/cpp_pubsub/install/cpp_pubsub/share/cpp_pubsub/environment/path.sh
[0.822s] -- Installing: /media/psf/OneDrive-Embry-RiddleAeronauticalUniversity/School/ME407 - Capstone Prelim/Atlas_Project/Detail/ROS2_Workspaces/Atlas_workspace/src/cpp_pubsub/install/cpp_pubsub/share/cpp_pubsub/environment/path.dsv
[0.823s] -- Installing: /media/psf/OneDrive-Embry-RiddleAeronauticalUniversity/School/ME407 - Capstone Prelim/Atlas_Project/Detail/ROS2_Workspaces/Atlas_workspace/src/cpp_pubsub/install/cpp_pubsub/share/cpp_pubsub/local_setup.bash
[0.825s] -- Installing: /media/psf/OneDrive-Embry-RiddleAeronauticalUniversity/School/ME407 - Capstone Prelim/Atlas_Project/Detail/ROS2_Workspaces/Atlas_workspace/src/cpp_pubsub/install/cpp_pubsub/share/cpp_pubsub/local_setup.sh
[0.827s] -- Installing: /media/psf/OneDrive-Embry-RiddleAeronauticalUniversity/School/ME407 - Capstone Prelim/Atlas_Project/Detail/ROS2_Workspaces/Atlas_workspace/src/cpp_pubsub/install/cpp_pubsub/share/cpp_pubsub/local_setup.zsh
[0.829s] -- Installing: /media/psf/OneDrive-Embry-RiddleAeronauticalUniversity/School/ME407 - Capstone Prelim/Atlas_Project/Detail/ROS2_Workspaces/Atlas_workspace/src/cpp_pubsub/install/cpp_pubsub/share/cpp_pubsub/local_setup.dsv
[0.830s] -- Installing: /media/psf/OneDrive-Embry-RiddleAeronauticalUniversity/School/ME407 - Capstone Prelim/Atlas_Project/Detail/ROS2_Workspaces/Atlas_workspace/src/cpp_pubsub/install/cpp_pubsub/share/cpp_pubsub/package.dsv
[0.832s] -- Installing: /media/psf/OneDrive-Embry-RiddleAeronauticalUniversity/School/ME407 - Capstone Prelim/Atlas_Project/Detail/ROS2_Workspaces/Atlas_workspace/src/cpp_pubsub/install/cpp_pubsub/share/ament_index/resource_index/packages/cpp_pubsub
[0.834s] -- Installing: /media/psf/OneDrive-Embry-RiddleAeronauticalUniversity/School/ME407 - Capstone Prelim/Atlas_Project/Detail/ROS2_Workspaces/Atlas_workspace/src/cpp_pubsub/install/cpp_pubsub/share/cpp_pubsub/cmake/cpp_pubsubConfig.cmake
[0.836s] -- Installing: /media/psf/OneDrive-Embry-RiddleAeronauticalUniversity/School/ME407 - Capstone Prelim/Atlas_Project/Detail/ROS2_Workspaces/Atlas_workspace/src/cpp_pubsub/install/cpp_pubsub/share/cpp_pubsub/cmake/cpp_pubsubConfig-version.cmake
[0.838s] -- Installing: /media/psf/OneDrive-Embry-RiddleAeronauticalUniversity/School/ME407 - Capstone Prelim/Atlas_Project/Detail/ROS2_Workspaces/Atlas_workspace/src/cpp_pubsub/install/cpp_pubsub/share/cpp_pubsub/package.xml
[0.842s] Invoked command in '/media/psf/OneDrive-Embry-RiddleAeronauticalUniversity/School/ME407 - Capstone Prelim/Atlas_Project/Detail/ROS2_Workspaces/Atlas_workspace/src/cpp_pubsub/build/cpp_pubsub' returned '0': CMAKE_PREFIX_PATH=/opt/ros/humble /usr/bin/cmake --install /media/psf/OneDrive-Embry-RiddleAeronauticalUniversity/School/ME407 - Capstone Prelim/Atlas_Project/Detail/ROS2_Workspaces/Atlas_workspace/src/cpp_pubsub/build/cpp_pubsub
