[0.030s] Invoking command in '/media/psf/OneDrive-Embry-RiddleAeronauticalUniversity/School/ME407 - Capstone Prelim/Atlas_Project/Detail/ROS2_Workspaces/Atlas_workspace/build/cpp_pubsub': CMAKE_PREFIX_PATH=/opt/ros/humble /usr/bin/cmake /media/psf/OneDrive-Embry-RiddleAeronauticalUniversity/School/ME407 - Capstone Prelim/Atlas_Project/Detail/ROS2_Workspaces/Atlas_workspace/src/cpp_pubsub -DCMAKE_INSTALL_PREFIX=/media/psf/OneDrive-Embry-RiddleAeronauticalUniversity/School/ME407 - Capstone Prelim/Atlas_Project/Detail/ROS2_Workspaces/Atlas_workspace/install/cpp_pubsub
[0.079s] -- The C compiler identification is GNU 11.4.0
[0.119s] -- The CXX compiler identification is GNU 11.4.0
[0.127s] -- Detecting C compiler ABI info
[0.196s] -- Detecting C compiler ABI info - done
[0.202s] -- Check for working C compiler: /usr/bin/cc - skipped
[0.202s] -- Detecting C compile features
[0.203s] -- Detecting C compile features - done
[0.208s] -- Detecting CXX compiler ABI info
[0.283s] -- Detecting CXX compiler ABI info - done
[0.288s] -- Check for working CXX compiler: /usr/bin/c++ - skipped
[0.289s] -- Detecting CXX compile features
[0.289s] -- Detecting CXX compile features - done
[0.297s] -- Found ament_cmake: 1.3.6 (/opt/ros/humble/share/ament_cmake/cmake)
[0.381s] -- Found Python3: /usr/bin/python3.10 (found version "3.10.12") found components: Interpreter 
[0.431s] -- Found rclcpp: 16.0.7 (/opt/ros/humble/share/rclcpp/cmake)
[0.451s] -- Found rosidl_generator_c: 3.1.5 (/opt/ros/humble/share/rosidl_generator_c/cmake)
[0.454s] -- Found rosidl_adapter: 3.1.5 (/opt/ros/humble/share/rosidl_adapter/cmake)
[0.457s] -- Found rosidl_generator_cpp: 3.1.5 (/opt/ros/humble/share/rosidl_generator_cpp/cmake)
[0.466s] -- Using all available rosidl_typesupport_c: rosidl_typesupport_fastrtps_c;rosidl_typesupport_introspection_c
[0.475s] -- Using all available rosidl_typesupport_cpp: rosidl_typesupport_fastrtps_cpp;rosidl_typesupport_introspection_cpp
[0.509s] -- Found rmw_implementation_cmake: 6.1.1 (/opt/ros/humble/share/rmw_implementation_cmake/cmake)
[0.511s] -- Found rmw_fastrtps_cpp: 6.2.5 (/opt/ros/humble/share/rmw_fastrtps_cpp/cmake)
[0.560s] -- Found OpenSSL: /usr/lib/aarch64-linux-gnu/libcrypto.so (found version "3.0.2")  
[0.574s] -- Found FastRTPS: /opt/ros/humble/include  
[0.600s] -- Using RMW implementation 'rmw_fastrtps_cpp' as default
[0.607s] -- Looking for pthread.h
[0.682s] -- Looking for pthread.h - found
[0.682s] -- Performing Test CMAKE_HAVE_LIBC_PTHREAD
[0.758s] -- Performing Test CMAKE_HAVE_LIBC_PTHREAD - Success
[0.759s] -- Found Threads: TRUE  
[0.894s] -- Configuring done
[0.928s] -- Generating done
[0.935s] -- Build files have been written to: /media/psf/OneDrive-Embry-RiddleAeronauticalUniversity/School/ME407 - Capstone Prelim/Atlas_Project/Detail/ROS2_Workspaces/Atlas_workspace/build/cpp_pubsub
[0.939s] Invoked command in '/media/psf/OneDrive-Embry-RiddleAeronauticalUniversity/School/ME407 - Capstone Prelim/Atlas_Project/Detail/ROS2_Workspaces/Atlas_workspace/build/cpp_pubsub' returned '0': CMAKE_PREFIX_PATH=/opt/ros/humble /usr/bin/cmake /media/psf/OneDrive-Embry-RiddleAeronauticalUniversity/School/ME407 - Capstone Prelim/Atlas_Project/Detail/ROS2_Workspaces/Atlas_workspace/src/cpp_pubsub -DCMAKE_INSTALL_PREFIX=/media/psf/OneDrive-Embry-RiddleAeronauticalUniversity/School/ME407 - Capstone Prelim/Atlas_Project/Detail/ROS2_Workspaces/Atlas_workspace/install/cpp_pubsub
[0.941s] Invoking command in '/media/psf/OneDrive-Embry-RiddleAeronauticalUniversity/School/ME407 - Capstone Prelim/Atlas_Project/Detail/ROS2_Workspaces/Atlas_workspace/build/cpp_pubsub': CMAKE_PREFIX_PATH=/opt/ros/humble /usr/bin/cmake --build /media/psf/OneDrive-Embry-RiddleAeronauticalUniversity/School/ME407 - Capstone Prelim/Atlas_Project/Detail/ROS2_Workspaces/Atlas_workspace/build/cpp_pubsub -- -j2 -l2
[0.982s] [ 50%] [32mBuilding CXX object CMakeFiles/talker.dir/src/publisher_member_function.cpp.o[0m
[2.761s] [100%] [32m[1mLinking CXX executable talker[0m
[2.893s] [100%] Built target talker
[2.902s] Invoked command in '/media/psf/OneDrive-Embry-RiddleAeronauticalUniversity/School/ME407 - Capstone Prelim/Atlas_Project/Detail/ROS2_Workspaces/Atlas_workspace/build/cpp_pubsub' returned '0': CMAKE_PREFIX_PATH=/opt/ros/humble /usr/bin/cmake --build /media/psf/OneDrive-Embry-RiddleAeronauticalUniversity/School/ME407 - Capstone Prelim/Atlas_Project/Detail/ROS2_Workspaces/Atlas_workspace/build/cpp_pubsub -- -j2 -l2
[2.926s] Invoking command in '/media/psf/OneDrive-Embry-RiddleAeronauticalUniversity/School/ME407 - Capstone Prelim/Atlas_Project/Detail/ROS2_Workspaces/Atlas_workspace/build/cpp_pubsub': CMAKE_PREFIX_PATH=/opt/ros/humble /usr/bin/cmake --install /media/psf/OneDrive-Embry-RiddleAeronauticalUniversity/School/ME407 - Capstone Prelim/Atlas_Project/Detail/ROS2_Workspaces/Atlas_workspace/build/cpp_pubsub
[2.930s] -- Install configuration: ""
[2.931s] -- Installing: /media/psf/OneDrive-Embry-RiddleAeronauticalUniversity/School/ME407 - Capstone Prelim/Atlas_Project/Detail/ROS2_Workspaces/Atlas_workspace/install/cpp_pubsub/lib/cpp_pubsub/talker
[2.946s] -- Set runtime path of "/media/psf/OneDrive-Embry-RiddleAeronauticalUniversity/School/ME407 - Capstone Prelim/Atlas_Project/Detail/ROS2_Workspaces/Atlas_workspace/install/cpp_pubsub/lib/cpp_pubsub/talker" to ""
[2.947s] -- Installing: /media/psf/OneDrive-Embry-RiddleAeronauticalUniversity/School/ME407 - Capstone Prelim/Atlas_Project/Detail/ROS2_Workspaces/Atlas_workspace/install/cpp_pubsub/share/ament_index/resource_index/package_run_dependencies/cpp_pubsub
[2.949s] -- Installing: /media/psf/OneDrive-Embry-RiddleAeronauticalUniversity/School/ME407 - Capstone Prelim/Atlas_Project/Detail/ROS2_Workspaces/Atlas_workspace/install/cpp_pubsub/share/ament_index/resource_index/parent_prefix_path/cpp_pubsub
[2.953s] -- Installing: /media/psf/OneDrive-Embry-RiddleAeronauticalUniversity/School/ME407 - Capstone Prelim/Atlas_Project/Detail/ROS2_Workspaces/Atlas_workspace/install/cpp_pubsub/share/cpp_pubsub/environment/ament_prefix_path.sh
[2.955s] -- Installing: /media/psf/OneDrive-Embry-RiddleAeronauticalUniversity/School/ME407 - Capstone Prelim/Atlas_Project/Detail/ROS2_Workspaces/Atlas_workspace/install/cpp_pubsub/share/cpp_pubsub/environment/ament_prefix_path.dsv
[2.957s] -- Installing: /media/psf/OneDrive-Embry-RiddleAeronauticalUniversity/School/ME407 - Capstone Prelim/Atlas_Project/Detail/ROS2_Workspaces/Atlas_workspace/install/cpp_pubsub/share/cpp_pubsub/environment/path.sh
[2.959s] -- Installing: /media/psf/OneDrive-Embry-RiddleAeronauticalUniversity/School/ME407 - Capstone Prelim/Atlas_Project/Detail/ROS2_Workspaces/Atlas_workspace/install/cpp_pubsub/share/cpp_pubsub/environment/path.dsv
[2.960s] -- Installing: /media/psf/OneDrive-Embry-RiddleAeronauticalUniversity/School/ME407 - Capstone Prelim/Atlas_Project/Detail/ROS2_Workspaces/Atlas_workspace/install/cpp_pubsub/share/cpp_pubsub/local_setup.bash
[2.963s] -- Installing: /media/psf/OneDrive-Embry-RiddleAeronauticalUniversity/School/ME407 - Capstone Prelim/Atlas_Project/Detail/ROS2_Workspaces/Atlas_workspace/install/cpp_pubsub/share/cpp_pubsub/local_setup.sh
[2.964s] -- Installing: /media/psf/OneDrive-Embry-RiddleAeronauticalUniversity/School/ME407 - Capstone Prelim/Atlas_Project/Detail/ROS2_Workspaces/Atlas_workspace/install/cpp_pubsub/share/cpp_pubsub/local_setup.zsh
[2.967s] -- Installing: /media/psf/OneDrive-Embry-RiddleAeronauticalUniversity/School/ME407 - Capstone Prelim/Atlas_Project/Detail/ROS2_Workspaces/Atlas_workspace/install/cpp_pubsub/share/cpp_pubsub/local_setup.dsv
[2.969s] -- Installing: /media/psf/OneDrive-Embry-RiddleAeronauticalUniversity/School/ME407 - Capstone Prelim/Atlas_Project/Detail/ROS2_Workspaces/Atlas_workspace/install/cpp_pubsub/share/cpp_pubsub/package.dsv
[2.971s] -- Installing: /media/psf/OneDrive-Embry-RiddleAeronauticalUniversity/School/ME407 - Capstone Prelim/Atlas_Project/Detail/ROS2_Workspaces/Atlas_workspace/install/cpp_pubsub/share/ament_index/resource_index/packages/cpp_pubsub
[2.973s] -- Installing: /media/psf/OneDrive-Embry-RiddleAeronauticalUniversity/School/ME407 - Capstone Prelim/Atlas_Project/Detail/ROS2_Workspaces/Atlas_workspace/install/cpp_pubsub/share/cpp_pubsub/cmake/cpp_pubsubConfig.cmake
[2.975s] -- Installing: /media/psf/OneDrive-Embry-RiddleAeronauticalUniversity/School/ME407 - Capstone Prelim/Atlas_Project/Detail/ROS2_Workspaces/Atlas_workspace/install/cpp_pubsub/share/cpp_pubsub/cmake/cpp_pubsubConfig-version.cmake
[2.977s] -- Installing: /media/psf/OneDrive-Embry-RiddleAeronauticalUniversity/School/ME407 - Capstone Prelim/Atlas_Project/Detail/ROS2_Workspaces/Atlas_workspace/install/cpp_pubsub/share/cpp_pubsub/package.xml
[2.981s] Invoked command in '/media/psf/OneDrive-Embry-RiddleAeronauticalUniversity/School/ME407 - Capstone Prelim/Atlas_Project/Detail/ROS2_Workspaces/Atlas_workspace/build/cpp_pubsub' returned '0': CMAKE_PREFIX_PATH=/opt/ros/humble /usr/bin/cmake --install /media/psf/OneDrive-Embry-RiddleAeronauticalUniversity/School/ME407 - Capstone Prelim/Atlas_Project/Detail/ROS2_Workspaces/Atlas_workspace/build/cpp_pubsub
