-- Found ament_cmake: 1.3.6 (/opt/ros/humble/share/ament_cmake/cmake)
-- Found rclcpp: 16.0.7 (/opt/ros/humble/share/rclcpp/cmake)
-- Found rosidl_generator_c: 3.1.5 (/opt/ros/humble/share/rosidl_generator_c/cmake)
-- Found rosidl_adapter: 3.1.5 (/opt/ros/humble/share/rosidl_adapter/cmake)
-- Found rosidl_generator_cpp: 3.1.5 (/opt/ros/humble/share/rosidl_generator_cpp/cmake)
-- Using all available rosidl_typesupport_c: rosidl_typesupport_fastrtps_c;rosidl_typesupport_introspection_c
-- Using all available rosidl_typesupport_cpp: rosidl_typesupport_fastrtps_cpp;rosidl_typesupport_introspection_cpp
-- Found rmw_implementation_cmake: 6.1.1 (/opt/ros/humble/share/rmw_implementation_cmake/cmake)
-- Found rmw_fastrtps_cpp: 6.2.5 (/opt/ros/humble/share/rmw_fastrtps_cpp/cmake)
-- Found OpenSSL: /usr/lib/aarch64-linux-gnu/libcrypto.so (found version "3.0.2")  
-- Found FastRTPS: /opt/ros/humble/include  
-- Using RMW implementation 'rmw_fastrtps_cpp' as default
-- Looking for pthread.h
-- Looking for pthread.h - found
-- Performing Test CMAKE_HAVE_LIBC_PTHREAD
-- Performing Test CMAKE_HAVE_LIBC_PTHREAD - Success
-- Found Threads: TRUE  
-- Configuring done
-- Generating done
-- Build files have been written to: /media/psf/OneDrive-Embry-RiddleAeronauticalUniversity/School/ME407 - Capstone Prelim/Atlas_Project/Detail/ROS2_Workspaces/Atlas_workspace/src/cpp_pubsub/build/cpp_pubsub
[ 50%] [32mBuilding CXX object CMakeFiles/talker.dir/src/publisher_member_function.cpp.o[0m
[100%] [32m[1mLinking CXX executable talker[0m
[100%] Built target talker
-- Install configuration: ""
-- Installing: /media/psf/OneDrive-Embry-RiddleAeronauticalUniversity/School/ME407 - Capstone Prelim/Atlas_Project/Detail/ROS2_Workspaces/Atlas_workspace/src/cpp_pubsub/install/cpp_pubsub/lib/cpp_pubsub/talker
-- Set runtime path of "/media/psf/OneDrive-Embry-RiddleAeronauticalUniversity/School/ME407 - Capstone Prelim/Atlas_Project/Detail/ROS2_Workspaces/Atlas_workspace/src/cpp_pubsub/install/cpp_pubsub/lib/cpp_pubsub/talker" to ""
-- Up-to-date: /media/psf/OneDrive-Embry-RiddleAeronauticalUniversity/School/ME407 - Capstone Prelim/Atlas_Project/Detail/ROS2_Workspaces/Atlas_workspace/src/cpp_pubsub/install/cpp_pubsub/share/ament_index/resource_index/package_run_dependencies/cpp_pubsub
-- Up-to-date: /media/psf/OneDrive-Embry-RiddleAeronauticalUniversity/School/ME407 - Capstone Prelim/Atlas_Project/Detail/ROS2_Workspaces/Atlas_workspace/src/cpp_pubsub/install/cpp_pubsub/share/ament_index/resource_index/parent_prefix_path/cpp_pubsub
-- Up-to-date: /media/psf/OneDrive-Embry-RiddleAeronauticalUniversity/School/ME407 - Capstone Prelim/Atlas_Project/Detail/ROS2_Workspaces/Atlas_workspace/src/cpp_pubsub/install/cpp_pubsub/share/cpp_pubsub/environment/ament_prefix_path.sh
-- Installing: /media/psf/OneDrive-Embry-RiddleAeronauticalUniversity/School/ME407 - Capstone Prelim/Atlas_Project/Detail/ROS2_Workspaces/Atlas_workspace/src/cpp_pubsub/install/cpp_pubsub/share/cpp_pubsub/environment/ament_prefix_path.dsv
-- Up-to-date: /media/psf/OneDrive-Embry-RiddleAeronauticalUniversity/School/ME407 - Capstone Prelim/Atlas_Project/Detail/ROS2_Workspaces/Atlas_workspace/src/cpp_pubsub/install/cpp_pubsub/share/cpp_pubsub/environment/path.sh
-- Installing: /media/psf/OneDrive-Embry-RiddleAeronauticalUniversity/School/ME407 - Capstone Prelim/Atlas_Project/Detail/ROS2_Workspaces/Atlas_workspace/src/cpp_pubsub/install/cpp_pubsub/share/cpp_pubsub/environment/path.dsv
-- Up-to-date: /media/psf/OneDrive-Embry-RiddleAeronauticalUniversity/School/ME407 - Capstone Prelim/Atlas_Project/Detail/ROS2_Workspaces/Atlas_workspace/src/cpp_pubsub/install/cpp_pubsub/share/cpp_pubsub/local_setup.bash
-- Up-to-date: /media/psf/OneDrive-Embry-RiddleAeronauticalUniversity/School/ME407 - Capstone Prelim/Atlas_Project/Detail/ROS2_Workspaces/Atlas_workspace/src/cpp_pubsub/install/cpp_pubsub/share/cpp_pubsub/local_setup.sh
-- Up-to-date: /media/psf/OneDrive-Embry-RiddleAeronauticalUniversity/School/ME407 - Capstone Prelim/Atlas_Project/Detail/ROS2_Workspaces/Atlas_workspace/src/cpp_pubsub/install/cpp_pubsub/share/cpp_pubsub/local_setup.zsh
-- Installing: /media/psf/OneDrive-Embry-RiddleAeronauticalUniversity/School/ME407 - Capstone Prelim/Atlas_Project/Detail/ROS2_Workspaces/Atlas_workspace/src/cpp_pubsub/install/cpp_pubsub/share/cpp_pubsub/local_setup.dsv
-- Installing: /media/psf/OneDrive-Embry-RiddleAeronauticalUniversity/School/ME407 - Capstone Prelim/Atlas_Project/Detail/ROS2_Workspaces/Atlas_workspace/src/cpp_pubsub/install/cpp_pubsub/share/cpp_pubsub/package.dsv
-- Up-to-date: /media/psf/OneDrive-Embry-RiddleAeronauticalUniversity/School/ME407 - Capstone Prelim/Atlas_Project/Detail/ROS2_Workspaces/Atlas_workspace/src/cpp_pubsub/install/cpp_pubsub/share/ament_index/resource_index/packages/cpp_pubsub
-- Up-to-date: /media/psf/OneDrive-Embry-RiddleAeronauticalUniversity/School/ME407 - Capstone Prelim/Atlas_Project/Detail/ROS2_Workspaces/Atlas_workspace/src/cpp_pubsub/install/cpp_pubsub/share/cpp_pubsub/cmake/cpp_pubsubConfig.cmake
-- Up-to-date: /media/psf/OneDrive-Embry-RiddleAeronauticalUniversity/School/ME407 - Capstone Prelim/Atlas_Project/Detail/ROS2_Workspaces/Atlas_workspace/src/cpp_pubsub/install/cpp_pubsub/share/cpp_pubsub/cmake/cpp_pubsubConfig-version.cmake
-- Installing: /media/psf/OneDrive-Embry-RiddleAeronauticalUniversity/School/ME407 - Capstone Prelim/Atlas_Project/Detail/ROS2_Workspaces/Atlas_workspace/src/cpp_pubsub/install/cpp_pubsub/share/cpp_pubsub/package.xml
