[0.316s] DEBUG:colcon:Command line arguments: ['/usr/bin/colcon', 'build']
[0.316s] DEBUG:colcon:Parsed command line arguments: Namespace(log_base=None, log_level=None, verb_name='build', build_base='build', install_base='install', merge_install=False, symlink_install=False, test_result_base=None, continue_on_error=False, executor='parallel', parallel_workers=2, event_handlers=None, ignore_user_meta=False, metas=['./colcon.meta'], base_paths=['.'], packages_ignore=None, packages_ignore_regex=None, paths=None, packages_up_to=None, packages_up_to_regex=None, packages_above=None, packages_above_and_dependencies=None, packages_above_depth=None, packages_select_by_dep=None, packages_skip_by_dep=None, packages_skip_up_to=None, packages_select_build_failed=False, packages_skip_build_finished=False, packages_select_test_failures=False, packages_skip_test_passed=False, packages_select=None, packages_skip=None, packages_select_regex=None, packages_skip_regex=None, packages_start=None, packages_end=None, allow_overriding=[], cmake_args=None, cmake_target=None, cmake_target_skip_unavailable=False, cmake_clean_cache=False, cmake_clean_first=False, cmake_force_configure=False, ament_cmake_args=None, catkin_cmake_args=None, catkin_skip_building_tests=False, verb_parser=<colcon_defaults.argument_parser.defaults.DefaultArgumentsDecorator object at 0xffff9f8f1de0>, verb_extension=<colcon_core.verb.build.BuildVerb object at 0xffff9f8f3310>, main=<bound method BuildVerb.main of <colcon_core.verb.build.BuildVerb object at 0xffff9f8f3310>>)
[0.332s] Level 1:colcon.colcon_core.package_discovery:discover_packages(colcon_meta) check parameters
[0.333s] Level 1:colcon.colcon_core.package_discovery:discover_packages(recursive) check parameters
[0.333s] Level 1:colcon.colcon_core.package_discovery:discover_packages(ignore) check parameters
[0.333s] Level 1:colcon.colcon_core.package_discovery:discover_packages(path) check parameters
[0.333s] Level 1:colcon.colcon_core.package_discovery:discover_packages(colcon_meta) discover
[0.333s] Level 1:colcon.colcon_core.package_discovery:discover_packages(recursive) discover
[0.333s] INFO:colcon.colcon_core.package_discovery:Crawling recursively for packages in '/media/psf/OneDrive-Embry-RiddleAeronauticalUniversity/School/ME407 - Capstone Prelim/Atlas_Project/Detail/ROS2_Workspaces/Atlas_workspace/src/PubAndSub'
[0.333s] Level 1:colcon.colcon_core.package_identification:_identify(.) by extensions ['ignore', 'ignore_ament_install']
[0.333s] Level 1:colcon.colcon_core.package_identification:_identify(.) by extension 'ignore'
[0.333s] Level 1:colcon.colcon_core.package_identification:_identify(.) by extension 'ignore_ament_install'
[0.334s] Level 1:colcon.colcon_core.package_identification:_identify(.) by extensions ['colcon_pkg']
[0.334s] Level 1:colcon.colcon_core.package_identification:_identify(.) by extension 'colcon_pkg'
[0.334s] Level 1:colcon.colcon_core.package_identification:_identify(.) by extensions ['colcon_meta']
[0.334s] Level 1:colcon.colcon_core.package_identification:_identify(.) by extension 'colcon_meta'
[0.334s] Level 1:colcon.colcon_core.package_identification:_identify(.) by extensions ['ros']
[0.334s] Level 1:colcon.colcon_core.package_identification:_identify(.) by extension 'ros'
[0.340s] DEBUG:colcon.colcon_core.package_identification:Package '.' with type 'ros.ament_cmake' and name 'PubAndSub'
[0.340s] Level 1:colcon.colcon_core.package_discovery:discover_packages(recursive) using defaults
[0.340s] Level 1:colcon.colcon_core.package_discovery:discover_packages(ignore) discover
[0.340s] Level 1:colcon.colcon_core.package_discovery:discover_packages(ignore) using defaults
[0.340s] Level 1:colcon.colcon_core.package_discovery:discover_packages(path) discover
[0.340s] Level 1:colcon.colcon_core.package_discovery:discover_packages(path) using defaults
[0.370s] Level 1:colcon.colcon_core.package_discovery:discover_packages(prefix_path) check parameters
[0.370s] Level 1:colcon.colcon_core.package_discovery:discover_packages(prefix_path) discover
[0.375s] WARNING:colcon.colcon_core.prefix_path.colcon:The path '/media/psf/OneDrive-Embry-RiddleAeronauticalUniversity/School/ME407 - Capstone Prelim/Atlas_Project/Detail/ROS2_Workspaces/Atlas_workspace/install' in the environment variable COLCON_PREFIX_PATH doesn't exist
[0.380s] DEBUG:colcon.colcon_installed_package_information.package_discovery:Found 270 installed packages in /opt/ros/humble
[0.381s] Level 1:colcon.colcon_core.package_discovery:discover_packages(prefix_path) using defaults
[0.423s] Level 5:colcon.colcon_core.verb:set package 'PubAndSub' build argument 'cmake_args' from command line to 'None'
[0.423s] Level 5:colcon.colcon_core.verb:set package 'PubAndSub' build argument 'cmake_target' from command line to 'None'
[0.424s] Level 5:colcon.colcon_core.verb:set package 'PubAndSub' build argument 'cmake_target_skip_unavailable' from command line to 'False'
[0.424s] Level 5:colcon.colcon_core.verb:set package 'PubAndSub' build argument 'cmake_clean_cache' from command line to 'False'
[0.424s] Level 5:colcon.colcon_core.verb:set package 'PubAndSub' build argument 'cmake_clean_first' from command line to 'False'
[0.424s] Level 5:colcon.colcon_core.verb:set package 'PubAndSub' build argument 'cmake_force_configure' from command line to 'False'
[0.424s] Level 5:colcon.colcon_core.verb:set package 'PubAndSub' build argument 'ament_cmake_args' from command line to 'None'
[0.424s] Level 5:colcon.colcon_core.verb:set package 'PubAndSub' build argument 'catkin_cmake_args' from command line to 'None'
[0.424s] Level 5:colcon.colcon_core.verb:set package 'PubAndSub' build argument 'catkin_skip_building_tests' from command line to 'False'
[0.424s] DEBUG:colcon.colcon_core.verb:Building package 'PubAndSub' with the following arguments: {'ament_cmake_args': None, 'build_base': '/media/psf/OneDrive-Embry-RiddleAeronauticalUniversity/School/ME407 - Capstone Prelim/Atlas_Project/Detail/ROS2_Workspaces/Atlas_workspace/src/PubAndSub/build/PubAndSub', 'catkin_cmake_args': None, 'catkin_skip_building_tests': False, 'cmake_args': None, 'cmake_clean_cache': False, 'cmake_clean_first': False, 'cmake_force_configure': False, 'cmake_target': None, 'cmake_target_skip_unavailable': False, 'install_base': '/media/psf/OneDrive-Embry-RiddleAeronauticalUniversity/School/ME407 - Capstone Prelim/Atlas_Project/Detail/ROS2_Workspaces/Atlas_workspace/src/PubAndSub/install/PubAndSub', 'merge_install': False, 'path': '/media/psf/OneDrive-Embry-RiddleAeronauticalUniversity/School/ME407 - Capstone Prelim/Atlas_Project/Detail/ROS2_Workspaces/Atlas_workspace/src/PubAndSub', 'symlink_install': False, 'test_result_base': None}
[0.430s] INFO:colcon.colcon_core.executor:Executing jobs using 'parallel' executor
[0.435s] DEBUG:colcon.colcon_parallel_executor.executor.parallel:run_until_complete
[0.435s] INFO:colcon.colcon_ros.task.ament_cmake.build:Building ROS package in '/media/psf/OneDrive-Embry-RiddleAeronauticalUniversity/School/ME407 - Capstone Prelim/Atlas_Project/Detail/ROS2_Workspaces/Atlas_workspace/src/PubAndSub' with build type 'ament_cmake'
[0.436s] INFO:colcon.colcon_cmake.task.cmake.build:Building CMake package in '/media/psf/OneDrive-Embry-RiddleAeronauticalUniversity/School/ME407 - Capstone Prelim/Atlas_Project/Detail/ROS2_Workspaces/Atlas_workspace/src/PubAndSub'
[0.441s] INFO:colcon.colcon_core.plugin_system:Skipping extension 'colcon_core.shell.bat': Not used on non-Windows systems
[0.441s] INFO:colcon.colcon_core.shell:Skip shell extension 'powershell' for command environment: Not usable outside of PowerShell
[0.442s] DEBUG:colcon.colcon_core.shell:Skip shell extension 'dsv' for command environment
[0.457s] DEBUG:colcon.colcon_core.event_handler.log_command:Invoking command in '/media/psf/OneDrive-Embry-RiddleAeronauticalUniversity/School/ME407 - Capstone Prelim/Atlas_Project/Detail/ROS2_Workspaces/Atlas_workspace/src/PubAndSub/build/PubAndSub': CMAKE_PREFIX_PATH=/opt/ros/humble /usr/bin/cmake --build /media/psf/OneDrive-Embry-RiddleAeronauticalUniversity/School/ME407 - Capstone Prelim/Atlas_Project/Detail/ROS2_Workspaces/Atlas_workspace/src/PubAndSub/build/PubAndSub -- -j2 -l2
[0.525s] DEBUG:colcon.colcon_core.event_handler.log_command:Invoked command in '/media/psf/OneDrive-Embry-RiddleAeronauticalUniversity/School/ME407 - Capstone Prelim/Atlas_Project/Detail/ROS2_Workspaces/Atlas_workspace/src/PubAndSub/build/PubAndSub' returned '2': CMAKE_PREFIX_PATH=/opt/ros/humble /usr/bin/cmake --build /media/psf/OneDrive-Embry-RiddleAeronauticalUniversity/School/ME407 - Capstone Prelim/Atlas_Project/Detail/ROS2_Workspaces/Atlas_workspace/src/PubAndSub/build/PubAndSub -- -j2 -l2
[0.543s] Level 1:colcon.colcon_core.environment:create_environment_scripts_only(PubAndSub)
[0.549s] Level 1:colcon.colcon_core.environment:checking '/media/psf/OneDrive-Embry-RiddleAeronauticalUniversity/School/ME407 - Capstone Prelim/Atlas_Project/Detail/ROS2_Workspaces/Atlas_workspace/src/PubAndSub/install/PubAndSub' for CMake module files
[0.553s] Level 1:colcon.colcon_core.environment:checking '/media/psf/OneDrive-Embry-RiddleAeronauticalUniversity/School/ME407 - Capstone Prelim/Atlas_Project/Detail/ROS2_Workspaces/Atlas_workspace/src/PubAndSub/install/PubAndSub' for CMake config files
[0.555s] Level 1:colcon.colcon_core.shell:create_environment_hook('PubAndSub', 'cmake_prefix_path')
[0.560s] INFO:colcon.colcon_core.shell:Creating environment hook '/media/psf/OneDrive-Embry-RiddleAeronauticalUniversity/School/ME407 - Capstone Prelim/Atlas_Project/Detail/ROS2_Workspaces/Atlas_workspace/src/PubAndSub/install/PubAndSub/share/PubAndSub/hook/cmake_prefix_path.ps1'
[0.561s] INFO:colcon.colcon_core.shell:Creating environment descriptor '/media/psf/OneDrive-Embry-RiddleAeronauticalUniversity/School/ME407 - Capstone Prelim/Atlas_Project/Detail/ROS2_Workspaces/Atlas_workspace/src/PubAndSub/install/PubAndSub/share/PubAndSub/hook/cmake_prefix_path.dsv'
[0.562s] INFO:colcon.colcon_core.shell:Creating environment hook '/media/psf/OneDrive-Embry-RiddleAeronauticalUniversity/School/ME407 - Capstone Prelim/Atlas_Project/Detail/ROS2_Workspaces/Atlas_workspace/src/PubAndSub/install/PubAndSub/share/PubAndSub/hook/cmake_prefix_path.sh'
[0.563s] Level 1:colcon.colcon_core.environment:checking '/media/psf/OneDrive-Embry-RiddleAeronauticalUniversity/School/ME407 - Capstone Prelim/Atlas_Project/Detail/ROS2_Workspaces/Atlas_workspace/src/PubAndSub/install/PubAndSub/bin'
[0.563s] Level 1:colcon.colcon_core.environment:checking '/media/psf/OneDrive-Embry-RiddleAeronauticalUniversity/School/ME407 - Capstone Prelim/Atlas_Project/Detail/ROS2_Workspaces/Atlas_workspace/src/PubAndSub/install/PubAndSub/lib/pkgconfig/PubAndSub.pc'
[0.563s] Level 1:colcon.colcon_core.environment:checking '/media/psf/OneDrive-Embry-RiddleAeronauticalUniversity/School/ME407 - Capstone Prelim/Atlas_Project/Detail/ROS2_Workspaces/Atlas_workspace/src/PubAndSub/install/PubAndSub/lib/python3.10/site-packages'
[0.564s] Level 1:colcon.colcon_core.environment:checking '/media/psf/OneDrive-Embry-RiddleAeronauticalUniversity/School/ME407 - Capstone Prelim/Atlas_Project/Detail/ROS2_Workspaces/Atlas_workspace/src/PubAndSub/install/PubAndSub/bin'
[0.569s] INFO:colcon.colcon_core.shell:Creating package script '/media/psf/OneDrive-Embry-RiddleAeronauticalUniversity/School/ME407 - Capstone Prelim/Atlas_Project/Detail/ROS2_Workspaces/Atlas_workspace/src/PubAndSub/install/PubAndSub/share/PubAndSub/package.ps1'
[0.569s] INFO:colcon.colcon_core.shell:Creating package descriptor '/media/psf/OneDrive-Embry-RiddleAeronauticalUniversity/School/ME407 - Capstone Prelim/Atlas_Project/Detail/ROS2_Workspaces/Atlas_workspace/src/PubAndSub/install/PubAndSub/share/PubAndSub/package.dsv'
[0.570s] INFO:colcon.colcon_core.shell:Creating package script '/media/psf/OneDrive-Embry-RiddleAeronauticalUniversity/School/ME407 - Capstone Prelim/Atlas_Project/Detail/ROS2_Workspaces/Atlas_workspace/src/PubAndSub/install/PubAndSub/share/PubAndSub/package.sh'
[0.571s] INFO:colcon.colcon_core.shell:Creating package script '/media/psf/OneDrive-Embry-RiddleAeronauticalUniversity/School/ME407 - Capstone Prelim/Atlas_Project/Detail/ROS2_Workspaces/Atlas_workspace/src/PubAndSub/install/PubAndSub/share/PubAndSub/package.bash'
[0.571s] INFO:colcon.colcon_core.shell:Creating package script '/media/psf/OneDrive-Embry-RiddleAeronauticalUniversity/School/ME407 - Capstone Prelim/Atlas_Project/Detail/ROS2_Workspaces/Atlas_workspace/src/PubAndSub/install/PubAndSub/share/PubAndSub/package.zsh'
[0.572s] Level 1:colcon.colcon_core.environment:create_file_with_runtime_dependencies(/media/psf/OneDrive-Embry-RiddleAeronauticalUniversity/School/ME407 - Capstone Prelim/Atlas_Project/Detail/ROS2_Workspaces/Atlas_workspace/src/PubAndSub/install/PubAndSub/share/colcon-core/packages/PubAndSub)
[0.583s] DEBUG:colcon.colcon_parallel_executor.executor.parallel:closing loop
[0.583s] DEBUG:colcon.colcon_parallel_executor.executor.parallel:loop closed
[0.583s] DEBUG:colcon.colcon_parallel_executor.executor.parallel:run_until_complete finished with '2'
[0.583s] DEBUG:colcon.colcon_core.event_reactor:joining thread
[0.590s] INFO:colcon.colcon_core.plugin_system:Skipping extension 'colcon_notification.desktop_notification.terminal_notifier': Not used on non-Darwin systems
[0.590s] INFO:colcon.colcon_core.plugin_system:Skipping extension 'colcon_notification.desktop_notification.win32': Not used on non-Windows systems
[0.590s] INFO:colcon.colcon_notification.desktop_notification:Sending desktop notification using 'notify2'
[0.600s] DEBUG:colcon.colcon_core.event_reactor:joined thread
[0.605s] INFO:colcon.colcon_core.shell:Creating prefix script '/media/psf/OneDrive-Embry-RiddleAeronauticalUniversity/School/ME407 - Capstone Prelim/Atlas_Project/Detail/ROS2_Workspaces/Atlas_workspace/src/PubAndSub/install/local_setup.ps1'
[0.606s] INFO:colcon.colcon_core.shell:Creating prefix util module '/media/psf/OneDrive-Embry-RiddleAeronauticalUniversity/School/ME407 - Capstone Prelim/Atlas_Project/Detail/ROS2_Workspaces/Atlas_workspace/src/PubAndSub/install/_local_setup_util_ps1.py'
[0.607s] INFO:colcon.colcon_core.shell:Creating prefix chain script '/media/psf/OneDrive-Embry-RiddleAeronauticalUniversity/School/ME407 - Capstone Prelim/Atlas_Project/Detail/ROS2_Workspaces/Atlas_workspace/src/PubAndSub/install/setup.ps1'
[0.612s] INFO:colcon.colcon_core.shell:Creating prefix script '/media/psf/OneDrive-Embry-RiddleAeronauticalUniversity/School/ME407 - Capstone Prelim/Atlas_Project/Detail/ROS2_Workspaces/Atlas_workspace/src/PubAndSub/install/local_setup.sh'
[0.613s] INFO:colcon.colcon_core.shell:Creating prefix util module '/media/psf/OneDrive-Embry-RiddleAeronauticalUniversity/School/ME407 - Capstone Prelim/Atlas_Project/Detail/ROS2_Workspaces/Atlas_workspace/src/PubAndSub/install/_local_setup_util_sh.py'
[0.614s] INFO:colcon.colcon_core.shell:Creating prefix chain script '/media/psf/OneDrive-Embry-RiddleAeronauticalUniversity/School/ME407 - Capstone Prelim/Atlas_Project/Detail/ROS2_Workspaces/Atlas_workspace/src/PubAndSub/install/setup.sh'
[0.619s] INFO:colcon.colcon_core.shell:Creating prefix script '/media/psf/OneDrive-Embry-RiddleAeronauticalUniversity/School/ME407 - Capstone Prelim/Atlas_Project/Detail/ROS2_Workspaces/Atlas_workspace/src/PubAndSub/install/local_setup.bash'
[0.619s] INFO:colcon.colcon_core.shell:Creating prefix chain script '/media/psf/OneDrive-Embry-RiddleAeronauticalUniversity/School/ME407 - Capstone Prelim/Atlas_Project/Detail/ROS2_Workspaces/Atlas_workspace/src/PubAndSub/install/setup.bash'
[0.624s] INFO:colcon.colcon_core.shell:Creating prefix script '/media/psf/OneDrive-Embry-RiddleAeronauticalUniversity/School/ME407 - Capstone Prelim/Atlas_Project/Detail/ROS2_Workspaces/Atlas_workspace/src/PubAndSub/install/local_setup.zsh'
[0.625s] INFO:colcon.colcon_core.shell:Creating prefix chain script '/media/psf/OneDrive-Embry-RiddleAeronauticalUniversity/School/ME407 - Capstone Prelim/Atlas_Project/Detail/ROS2_Workspaces/Atlas_workspace/src/PubAndSub/install/setup.zsh'
